<?xml version="1.0" encoding="UTF-8"?>
<!-- Generated by org.testng.reporters.JUnitReportReporter -->
<testsuite skipped="0" hostname="hp" name="testcases.TC002_Createlead" tests="2" failures="0" timestamp="12 Feb 2018 15:36:59 GMT" time="49.936" errors="0">
  <testcase name="CreateLead" time="25.833" classname="testcases.TC002_Createlead"/>
  <testcase name="CreateLead" time="24.103" classname="testcases.TC002_Createlead"/>
</testsuite> <!-- testcases.TC002_Createlead -->
