<?xml version="1.0" encoding="UTF-8"?>
<!-- Generated by org.testng.reporters.JUnitReportReporter -->
<testsuite skipped="0" hostname="hp" name="testcases.TC003_Editlead" tests="2" failures="0" timestamp="12 Feb 2018 18:11:19 GMT" time="51.065" errors="0">
  <testcase name="editlead" time="24.147" classname="testcases.TC003_Editlead"/>
  <testcase name="editlead" time="26.918" classname="testcases.TC003_Editlead"/>
</testsuite> <!-- testcases.TC003_Editlead -->
