<?xml version="1.0" encoding="UTF-8"?>
<!-- Generated by org.testng.reporters.JUnitReportReporter -->
<testsuite skipped="0" hostname="hp" name="testcases.TS005_Duplicatelead" tests="2" failures="0" timestamp="14 Feb 2018 18:15:17 GMT" time="87.845" errors="0">
  <testcase name="editlead" time="44.201" classname="testcases.TS005_Duplicatelead"/>
  <testcase name="editlead" time="43.644" classname="testcases.TS005_Duplicatelead"/>
</testsuite> <!-- testcases.TS005_Duplicatelead -->
