<?xml version="1.0" encoding="UTF-8"?>
<!-- Generated by org.testng.reporters.JUnitReportReporter -->
<testsuite skipped="0" hostname="hp" name="testcases.TC004_Deletelead" tests="2" failures="0" timestamp="13 Feb 2018 18:55:33 GMT" time="103.639" errors="0">
  <testcase name="editlead" time="42.438" classname="testcases.TC004_Deletelead"/>
  <testcase name="editlead" time="61.201" classname="testcases.TC004_Deletelead"/>
</testsuite> <!-- testcases.TC004_Deletelead -->
